nohup: ignoring input
[nltk_data] Downloading package cmudict to /home/elice/nltk_data...
[nltk_data]   Unzipping corpora/cmudict.zip.
/home/elice/KoBART-git/data/nli.train.ko.csv
/home/elice/KoBART-git/data/nli.train_compelete.ko.csv
  0%|          | 0/843576 [00:00<?, ?it/s]
Traceback (most recent call last):
  File "nli_data_preprocessing.py", line 1286, in <module>
    print(i, end='    ')
  File "nli_data_preprocessing.py", line 1283, in train_arr_make
    tup =  noise([sen])[0]
  File "nli_data_preprocessing.py", line 1261, in noise
    noise_tgt = noise_injector.inject_noise(tgt)
  File "nli_data_preprocessing.py", line 1143, in inject_noise
    tokens_pos = okt.pos(tokens)
  File "/home/elice/KoBART-translation-env/lib/python3.8/site-packages/konlpy/tag/_okt.py", line 69, in pos
    validate_phrase_inputs(phrase)
  File "/home/elice/KoBART-translation-env/lib/python3.8/site-packages/konlpy/tag/_common.py", line 20, in validate_phrase_inputs
    assert isinstance(phrase, basestring), msg
AssertionError: phrase input should be string, not <class 'float'>
