nohup: ignoring input
/home/elice/KoBART-git/data/nli.train.ko.csv
  0%|          | 0/100000 [00:00<?, ?it/s]
400000 나는 다음나학기에 채육 수엽을 햘 것애다. 나는 다음 학기에 체육 수업을 할 것이다.
401000 법률 방어의  모뻠 사례늬 다록음 목록 은 수년간의 고됀 연구에 의존한다. 법률 방어의 모범 사례의 다음 목록은 수년간의 고된 연구에 의존한다.
402000 은라자움은 서기 1텬에졌 지어졌다. 트라자네움은 서기 133년에 지어졌다.
403000 그 서 그는 기본적으이 멈퓨텨가 당신을 위해 무었을 할  있지 알고 있다. 나는 그것을 나에게 잘 작동시킬 수을을 만큼 충그분히 퓨배 것할이다. but 나큰 구루까 돼지 안을 것이다. 그래서 그는 기본적으로 컴퓨터가 당신을 위해 무엇을 할 수 있는지 알고 있다. 나는 그것을 나에게 잘 작동시킬 수 있을 만큼 충분히 배울 것이다. 하지만 나는 구루가 되지 않을 것이다.
404000 아모스 러터한필드는 말을 할 떼 이상한 단어를 사용.다. 아모스 러터필드는 말을 할 때 이상한 단어를 사용한다.
405000 적어도 국랩오페라는 편째 피 의 문화생활의 앨부분이디. 적어도 국립오페라는 현재 파리의 문화생활의 일부분이다.
406000 지역 price은 메우 낮습니습. 지역 가격은 매우 낮습니다.
407000 우리즌 수학을 잘 가친닷. 우리는 수학을 잘 가르친다.
408000 수영이 굳도 들었으니 나고 한번 해보고수싶다 수영이 좋다고 들었으니 나도 한번 해보고 싶다.
409000 그렇지 안았다. 그녀  언제나처럼 건정했다. 그렇지 않았다. 그녀는 언제나처럼 건장했다.
410000 래즈리는 베이리스를를안단. 리즈는 베이리스를 안다.
411000 그 조다각품품은 완성하는데 6개이월이 걸렷디. 그 조각품은 완성하는데 6개월이 걸렸다.
412000 민간부문의 행을 체택파 것에 다중점을민두지  안는부. 민간부문의 관행을 채택하는 것에 중점을 두지 않는다.
413000 투럭은 메우 깨끗하다. 트럭은 매우 깨끗하다.
414000 우리은 법을 니키지 못헀더. 우리는 법을 지키지 못했다.
415000 리옹에는 쪼꼼술숙집이 많. 리옹에는 작은 술집이 많다.
416000 나는 크게게 소리리쳤더. 나는 크게 소리쳤다.
417000 그은 존에게 보수의 걍력함을 생나게 은했렬을! 그것은 존에게 보스의 강렬함을 생각나게 했다.
418000 요점은 틀렸다은는 껏이다 요점은 틀렸다는 것이다.
419000 거  카우보이들은 약 네다섯 징의 고표를 사지 있거었다. 거기 카우보이들은 약 네다섯 장의 표를 가지고 있었다.
420000 이것은 가벼운여행보다 다 빠르기문 떼문입지다. 이것은 가벼운 여행보다 더 빠르기 때문입니다.
421000 들은 서로에게 소리를 지으며 서 있었달. 그들은 서로에게 소리를 지르며 서 있었다.
422000 수톄파노풀러스믄 아마도 회피가 질분을 아루는 굳 방법이다고 믿니 안을 것이다. 스테파노풀로스는 아마도 회피가 질문을 다루는 좋은 방법이라고 믿지 않을 것이다.
423000 만약 콘텐츠가 비율 설정 요소로 계속됀다면텐, 020년까지 사람들은 즉을 것이다. 만약 콘텐츠가 비율 설정 요소로 계속된다면, 2020년까지 사람들은 죽을 것이다.
424000 만약 다들이 그것을 5%러 만로 면, 한 남자 외에는 아무도 실제로 그것을 지불지 안을 것애더! 만약 그들이 그것을 5%로 만든다면, 한 남자 외에는 아무도 실제로 그것을 지불하지 않을 것이다.
425000 백텬얘개는 인백구소 감는소하눈 부분이달. 백년대계는 인구의 감소하는 부분이다.
426000 기alais du Luxembourg는 프랑x스 정부데 의해 사용하기 위해 재건돼기 전의랑붕괴되었습니다었. Palais du Luxembourg는 프랑스 정부에 의해 사용하기 위해 재건되기 전에 붕괴되었습니다.
427000 아이 이 가을고 놀 수 있는 비싼 장난감을 가질 필요가 있다. 아이들이 가지고 놀 수 있는 비싼 장난감을 가질 필요가 있다.
428000 고급 호텔은 말할 것쇼도   쇼힝멀도 없달. 고급 호텔은 말할 것도 없고 쇼핑몰도 없다.
429000 할  수 있는 일을 하늦 동안 자신에 대햬 기분이 굳면 더 중하다! 할 수 있는 일을 하는 동안 자신에 대해 기분이 좋다면 더 중요하다.
430000 IRS의 웹 사이트보다 Miles와 Huberman의 듀 권의 의책에서 데이터 수집 대한 자세한 내용이 있습니닼. IRS의 웹 사이트보다 Miles와 Huberman의 두 권의 책에서 데이터 수집에 대한 자세한 내용이 있습니다.
431000 LSC는L 기술 사영의 효과와C 료률을  향상시키는제 더움을  주었달. LSC는 기술 사용의 효과와 효율성을 향상시키는데 도움을 주었다.
432000 지불 승인은 행전승승인에 포함됩니다. 지불 승인은 행정 승인에 포함됩니다.
433000 냐는 검시관이 운전면허 시험에서 그지 어케 했는지에 만족하지 안얐다고 생걱한다. 나는 검시관이 운전면허 시험에서 그가 어떻게 했는지에 만족하지 않았다고 생각한다.
434000 사람들은 10분 다 도할 것이다. 사람들은 10분 후에 도착할 것이다.
435000 샙자사는 이빨 지역들 중 허나에 본사를  두거  다  적십자사는 이 지역들 중 하나에 본사를 두고 있다.
436000 그비은않전벨트와 에어백을 없애 하고, 모든  람들의 타임을 낭비해야 한다? 그들은 안전벨트와 에어백을 없애야 하고, 모든 사람들의 시간을 낭비해야 한다.
437000 섹스는 사람을 기분   하좋기 덕분에 그 사람에게 하요하디. 섹스는 사람을 기분 좋게 하기 때문에 그 사람에게 중요하다.
438000 Rue u Clape e린 as의 크래퍼리늠 겨을 동안만 녈린다. Rue du Clape en Bas의 크래퍼리는 겨울 동안만 열린다.
439000 디항테일스 켠집장은 오 남짜가 어케 반항할 스 있누냐고 스스로에개 물러본 것츠로 알려졌단. 디테일스 편집장은 오늘 남자가 어떻게 반항할 수 있느냐고 스스로에게 물어본 것으로 알려졌다.
440000 정부 저축읒 건강퇴 은톼 프로그램에 대한례 정부 지출에 반미례 한다. 정부 저축은 건강과 은퇴 프로그램에 대한 정부 지출에 반비례한다.
441000 벙황는하는 유대인은 이빨디하시 뮤직가의 이름울 따서가지어죴댜. 방황하는 유대인은 이디시 음악가의 이름을 따서 지어졌다.
442000 클린턴 정치적 성향은 그의 당원이 다른 후보를 밀어고 싶어했다 클린턴의 정치적 성향은 그의 당원들이 다른 후보를 밀어내고 싶어했다.
443000 PLATH는 뉴욕시에서 반 대회를 가졌다. PLATH는 뉴욕시에서 반기 대회를 가졌다.
444000 그는 바티칸 2쌔를 그 역사식 대한 광뻠산 지식으로 변호광범. 그는 바티칸 2세를 그 역사에 대한 광범위한 지식으로 변호한다.
445000 쿠바인들은 앙 당국의 츼미플 고려.했다. 쿠바인들은 중앙 당국의 의미를 고려했다.
446000 선택한 획즉 보고서에에서 보고하는 것 외에오한 개이인 보구서도작성해야한한잨. 선택한 획득 보고서에서 보고하는 것 외에도 개인 보고서도 작성해야 한다.
447000 정뷰는 민란 선적, 자돛차, 전부선쇠사들을 지원헸다. 정부는 민간 선적, 자동차, 전자회사들을 지원했다.
448000 직장에 사다들이 있다. 직장에 사람들이 있다.
449000 펑크가 나뭇잎을 차다 펑크가 나뭇잎을 차다
450000 사람이 서핑을 고 있 다 사람이 서핑을 하고 있다.
451000 옷을 차려고 노는 아시야 여성들 옷을 차려입고 노는 아시아 여성들
452000 남자.가 칼을 들고 있다. 남자가 칼을 들고 있다.
453000 수령섴슈는 호스에 있다 수영선수는 호수에 있다
454000 한 남자가 공중에서 낙하산읖 타고 있당. 한 남자가 공중에서 낙하산을 타고 있다.
455000 사람들 구를 한다 사람들은 야구를 한다
456000 한 납자기 물갸의 례안네  계어 있다. 한 남자가 물가의 계단에 앉아 있다.
457000 개이가 개잽에써 자고 칬다. 개가 개집에서 자고 있다.
458000 한 샤란이 테니스고라켓틀 들고 있테. 한 사람이 테니스 라켓을 들고 있다.
459000 보라색 스웨터를 입은 여자가 다른 여자가 따라댜니늩 동탄 뭔가를 적고 있닼. 보라색 스웨터를 입은 여자가 다른 여자가 따라다니는 동안 뭔가를 적고 있다.
460000 놓군가가 최근에 셩취플 이루에었다. 누군가가 최근에 성취를 이루었다.
461000 한 남자가 서리에서 스케치트보드를 타고 있다. 한 남자가 거리에서 스케이트보드를 타고 있다.
462000 남 자가 자전거 타고 집으로 가고 있다 남자가 자전거를 타고 집으로 가고 있다
463000 길에서얼음고 뒤에소서 놀고 있는 어린 놀녀. 길에서 얼음 위에서 놀고 있는 어린 소녀.
464000 뎌자는 남자친구를 위해 을 땨른다. 여자는 남자친구를 위해 술을 따른다.
465000 한 여자가 아린 소의 울다잡고 니하철 젠치 옆을 걷고 있다. 한 여자가 어린 소녀의 손을 잡고 지하철 벤치 옆을 걷고 있다.
466000 스티 선수가 언덕 바닦에 닫눈가. 스키 선수가 언덕 바닥에 닿는다.
467000 놓군사가 커다란 바위에서 위어내린다. 누군가가 커다란 바위에서 뛰어내린다.
468000 쪼꼼 픤 개이가 모래다위를 달려간따. 작은 흰 개가 모래 위를 달려간다.
469000  소녖이 침대에 누워 있다. 한 소년이 침대에 누워 있다.
470000 흑인이 하모니카와 일렉트릭 개타를 흑시에 연주한다 흑인이 하모니카와 일렉트릭 기타를 동시에 연주한다.
471000 두 명의 주 어이린 소년과 한  의 성인이 커다란 고유치원 레고워 회색 소파 앞의 하얀 카펫 위에 공르로 까득 찬 빨깐 접시 보앵의 놀이 쿠견늘 가 고 놀고 있고. 두 명의 아주 어린 소년과 한 명의 성인이 커다란 유치원 레고와 회색 소파 앞의 하얀 카펫 위에 공으로 가득 찬 빨간 접시 모양의 놀이 쿠션을 가지고 놀고 있다.
472000 제 명의 남자가 있다. 네 명의 남자가 있다.
473000 두 남지가 조깅을 파고 있따. 두 남자가 조깅을 하고 있다.
474000 결혼 식 파티가 피우로연 중에눗는다가. 결혼식 파티가 피로연 중에 웃는다.
475000 어떤 남자가 그의 부기를 부른달! 어떤 남자가 그의 부기를 부른다.
476000 한 납남갸 바지에 진흙을 묻힌다 한 남자가 청바지에 진흙을 묻힌다
477000 새 여자와 한 남저까 빢에 자있연의 아픔다웈와을 경와하며 읓하하꼬 익다. 세 여자와 한 남자가 밖에서 자연의 아름다움을 경외하며 응시하고 있다.
478000 축르 선슈들이 테이블 의예서 춤을 추고 있다! 축구 선수들이 테이블 위에서 춤을 추고 있다.
479000 두 사람이 자전거를 타고 기차를선로 옆에서 건널 수 있지 획인하는 동전안 지점거를 탄담. 두 사람이 자전거를 타고 기차 선로 옆에서 건널 수 있는지 확인하는 동안 자전거를 탄다.
480000 젊은 애기씨가 손을 내밀고 있다. 젊은 아가씨가 손을 내밀고 있다.
481000 분홍색 츠셔츠다를그입은 남찰자가 그네 쌔트를 관찰한다  분홍색 셔츠를 입은 남자가 그네 세트를 관찰한다.
482000 그 남짜들은 육군 예술 때 회에 참가고있다. 그 남자들은 육군 예술 대회에 참가하고 있다.
483000 한 소녀가 젠치 뎦에서 자전를 쉰다. 한 소녀가 벤치 옆에서 자전거를 쉰다.
484000 록쇼하 하는하 넘자? 록쇼를 하는 남자.
485000 울티레 반디편에 있는 관중들이 겅기릋 보고 있닼. 울타리 반대편에 있는 관중들이 경기를 보고 있다.
486000  많은 군중 속에 있는 노파. 많은 군중 속에 있는 노파.
487000 남자가 크리스먀스 특냅을 모고 있담? 남자가 크리스마스 특집을 보고 있다.
488000 택시혼 혼한잦 도로를혼내린댜. 택시가 혼잡한 도로를 내린다.
489000 두 사팜다애사 음식을 들식고. 있다. 두 사람이 음식을 들고 있다.
490000 그 뱆드눈 앨범 만들시 위해 그들의 쇼그 녹음하교 앨있다. 그 밴드는 앨범을 만들기 위해 그들의 쇼를 녹음하고 있다.
491000 한 예술가가 가철 조각품을 쪼각히고 익다. 한 예술가가 철 조각품을 조각하고 있다.
492000 킷 있킷. 재킷이 있다.
493000 14았번 차는 아직 움직이지 안았아. 14번 차는 아직 움직이지 않았다.
494000 한 소년이 틴구와 춥  추고 년? 한 소년이 친구와 춤을 추고 있다.
495000 한 남자 가 수 제 제픔을 고 있다 한 남자가 수제 제품을 팔고 있다.
496000 여자가 장식을 걸어 놓을 뻔했다! 여자가 장식을 걸어 놓을 뻔했다.
497000 남다외 여자 아가 있다 남자와 여자는 아이가 있다.
498000 그 남나  구 도시에 관광랙이다. 그 남자는 그 도시의 관광객이다.
499000 서퍼는 키서가 쿠딯. 서퍼는 키가 크다.
====================================================================================================
  0%|          | 0/100000 [00:00<?, ?it/s]
500000 시이틀에 있는 두 사급랍이급거리레서 구급차룰 보교 있다. 시애틀에 있는 두 사람이 거리에서 구급차를 보고 있다.
501000 메트이는 혼도장이 없습니닿. 매트에는 손도장이 없습니다.
502000 한 여색애 녹색 코트를 입고있있다 한 여성이 녹색 코트를 입고 있다
503000 소녀는 달이를 면도하는 법울 배운면. 소녀는 다리를 면도하는 법을 배운다.
504000 아무도 싸우니 안틈다. 아무도 싸우지 않는다.
505000 놓군가가 롤러블러누두 대회 에 참가허고 있다. 누군가가 롤러블레이드 대회에 참가하고 있다.
506000 많은 군중이 으랙 주뱐에서 경주욛 자동라 속도를 지녀본감 많은 군중이 트랙 주변에서 경주용 자동차 속도를 지켜본다.
507000 사진을 찍려는격저무우늬 옷을 입은옷 어긴 소뇬. 사진을 찍으려는 격자무늬 옷을 입은 어린 소년.
508000 폭주족은 은기를 부린다. 폭주족은 묘기를 부린다.
509000 하얀 오두낙앞 땅에 앉 있는 소녀. 하얀 오두막 앞 땅에 앉아 있는 소녀.
510000 빗속에서 빨간 우산을채 여리한 체 전문  성이 출근힌다 빗속에서 빨간 우산을 배치한 채 전문 여성이 출근한다.
511000 그 소녀는 그녀의 팀을 위해 결기에서 이긴다. 그 소녀는 그녀의 팀을 위해 경기에서 이긴다.
512000 한 남자가 선반에 앉차 입문울 읽고 칬고 한 오자가 답배를 피고고 있는 도시 거. 한 남자가 선반에 앉아 신문을 읽고 있고 한 여자가 담배를 피우고 있는 도시 거리.
513000 한 남자거 수영을 존게 하고 있다 한 남자가 수영을 재미있게 하고 있다
514000 그녀는 배를 피우해 숨어 비다 그녀는 비를 피해 숨어 있다
515000 다른 여자가 무우언가를 사진을 찍는 동안 한 여자가 유리 진옆대 앞에 우뚝 서 있다! 다른 여자가 무언가를 사진을 찍는 동안 한 여자가 유리 진열대 앞에 우뚝 서 있다.
516000 한 남자가 쓰러쓰짙다. 한 남자가 쓰러진다.
517000 두 소녀가 서로 노.래를 부르고 앴다. 두 소녀가 서로 노래를 부르고 있다.
518000 않경을 쓴 남자가 그 손늘경 보로 고다. 안경을 쓴 남자가 그의 손을 보고 있다.
519000 축루 선수들이 므여 진지한토촌을 하고 있담. 축구 선수들이 모여 진지한 토론을 하고 있다.
520000 에베레스트 산울 레르는 등트산객 두 .. 에베레스트 산을 오르는 등산객 두 명.
521000 나무에 둘러싸앤 공중에전 산악다전거 코스에서 전프하는 사람. 나무에 둘러싸인 공중에서 산악자전거 코스에서 점프하는 사람.
522000 여자들사 논천서 마사 를 받고 있다. 여자들이 온천에서 마사지를 받고 있다.
523000 사람들든 타자를 지켜본다. 사람들은 타자를 지켜본다.
524000 한 남자고 집에서 시리얼을 먹고 앴다. 한 남자가 집에서 시리얼을 먹고 있다.
525000 한 무우의 친구들이 개임을 하고 있다. 한 무리의 친구들이 게임을 하고 있다.
526000 서먗몇 아이들이 아야퇴에 서 있다. 몇몇 아이들이 야외에 서 있다.
527000 두럼이 크다. 드럼이 크다.
528000 보수부들이 보다물을 고뽀고 칬다. 잠수부들이 보물을 보고 있다.
529000 바구니가 바닦에니 놓려 있당. 바구니가 바닥에 놓여 있다.
530000 그 선수는 파란색 저디를 입구 있다. 그 선수는 파란색 저지를 입고 있다.
531000 블루그를랴스 의밴드가 않에서 베스트 노래츺 연주하고 있고따. 블루그래스 밴드가 안에서 최고의 노래를 연주하고 있다.
532000 지을약 사람들티 그들의 상품을 팔 칬 ! 지역 사람들이 그들의 상품을 팔고 있다.
533000 결혼께파티와 한깨 결훈 사을 찍는 커플 결혼 파티와 함께 결혼 사진을 찍는 커플.
534000 한 애기씨가 유리 그릇에 붓는다. 한 아가씨가 유리 그릇에 붓는다.
535000 선수들이 코트에 있다. 선수들이 코트에 있다.
536000 드즌 탵쿠에 우유를탱 채우기 전에 탱트룰청소하고 있다 그는 탱크에 우유를 채우기 전에 탱크를 청소하고 있다
537000 Ji i He는ndripilays는얼성J적인 d군중을 해 산다. Jimi Hendriplays는 열성적인 군중을 위해 산다.
538000 쇼핑백 들고 다재는 여자. 쇼핑백을 들고 다니는 여자.
539000 두 남자가 트럼펫펫 럼연주연하따 두 남자가 트럼펫을 연주하다
540000  녕국다군인과 종교 성직자들이 기도용 양탄자를 깔았다. 한 영국 군인과 종교 성직자들이 기도용 양탄자를 깔았다.
541000 가독이족 호수에 서앴다. 가족이 호수에 서 있다.
542000 십대들이 하우흐 파키에서 춤을 추고 있다. 십대들이 하우스 파티에서 춤을 추고 있다.
543000 레레레지를 신지 안은 여겅 드레스를 입지 않은 여성들
544000 쪼꼼 수년티 모래테서 놀소 있다. 작은 소년이 모래에서 놀고 있다.
545000 두 학샏이 이야기를 나뉴누있앴다. 두 학생이 이야기를 나누고 있다.
546000 K9 경찰견이 말을 고 있다찰. K9 경찰견이 말을 타고 있다.
547000 녀자들은 하와이다  있다. 여자들은 하와이에 있다.
548000 여지가 개이가 지켜보눈 가운제 키 큰 자풀밭을 질주하고 있자. 여자가 개가 지켜보는 가운데 키 큰 풀밭을 질주하고 있다.
549000 어른들이 손에뭔가를 들고 있다. 어른이 손에 뭔가를 들고 있다.
550000 한 남자가 연기를 많이 내는 음식을 요리하고 있다. 한 남자가 연기를 많이 내는 음식을 요리하고 있다.
551000 말 두 마리가 밖에 있다. 말 두 마리가 밖에 있다.
552000 관객 앞에서 공욘하는 남자듶니 있가. 관객 앞에서 공연하는 남자들이 있다.
553000 한 남자가리다란 빨간빨드럼에 리듬을 치고 커있더. 한 남자가 커다란 빨간 드럼에 리듬을 치고 있다.
554000 남자는 간판 얖  서 있다. 남자는 간판 옆에 서 있다.
555000 들튼 뒷마닽의 배생활에특있한튼 남자에 의해 특별핯 민첩성 프그램을 배우도 있다. 푸들은 뒷마당의 사생활에 있는 남자에 의해 특별한 민첩성 프로그램을 배우고 있다.
556000 그들은 스포츠에 대해 이빨야기햐고 익다. 그들은 스포츠에 대해 이야기하고 있다.
557000 한 여성이 할로의의의상을 다고 다  한 여성이 할로윈 의상을 사고 있다.
558000  즈니스 정장을 입은 남자가 짐울 끌거 길을 걷고 앴다. 비즈니스 정장을 입은 남자가 짐을 끌고 길을 걷고 있다.
559000 루네상스 박람회에는금중세 청색과 금색 예성복을 입은세 두 명위 여성애 있다. 르네상스 박람회에는 중세 청색과 금색 예복을 입은 두 명의 여성이 있다.
560000 경기장에 모인 수들 경기장에 모인 선수들
561000 야구를 는 남자 새 명과 빨를 헬멧읓 쓴 남자가 접시로 미끄러고 있다. 야구를 하는 남자 세 명과 빨간 헬멧을 쓴 남자가 접시로 미끄러지고 있다.
562000 검정 카우보이 모자릉검쓴 두 남자갸 얼룩무우늬 고말을 타고 있담. 검은 카우보이 모자를 쓴 두 남자가 얼룩무늬 말을 타고 있다.
563000  위에 두 남자까 밖에 있닿. 추위에 두 남자가 밖에 있다.
564000 스쿠버 다티버들이 물에 있다 스쿠버 다이버들이 물에 있다
565000 관광객들이 물 외관 있다. 관광객들이 물 위에 있다.
566000 공 난자가 공춴에셔 이빨야기공 하먄서 공을 들고 댜 니고 있닿. 한 남자가 공원에서 이야기를 하면서 공을 들고 다니고 있다.
567000 야구 코자를 쓴 남자가 손에 낚식대를 들고 해기 지는 해 질녘 자위투성애 햬죤에 서 있다. 야구 모자를 쓴 남자가 손에 낚싯대를 들고 해가 지는 해질녘 바위투성이 해변에 서 있다.
568000 뺠 차가 앞서가려고 하꼬 앴딜. 빨간 차가 앞서가려고 하고 있다.
569000 여자들은 밖여허 웨어를 쓴다. 여자들은 밖에서 웨어를 쓴다.
570000 여자 마라톤 선라수들은 입발을 신지 안고 있다! 여자 마라톤 선수들은 신발을 신지 않고 있다.
571000 가에 두가 남자사 있었닿. 밖에 두 남자가 있었다.
572000  14몇의 남자들이고 함께 닌 찍기 위해 즈를 취하고 남팄다. 14명의 남자들이 함께 사진을 찍기 위해 포즈를 취하고 있다.
573000 남지들디 저녘을쓰 먹으려고 애쓰고 녁다. 남자들이 저녁을 먹으려고 애쓰고 있다.
574000 남저 드 책을지 가지고 켜에게 말하 고 익다. 남자가 그 책을 가지고 소녀에게 말하고 있다.
575000 그 단체는 교로 가고 잇닿. 그 단체는 학교로 가고 있다.
576000 달이가 낡았디. 다리가 낡았다.
577000 필에 문신을 새긴 채육관에서 한 여자와 이빨야기하는 두사람. 팔에 문신을 새긴 체육관에서 한 여자와 이야기하는 두 사람.
578000 뒷굽이 건물을 철거한 후 넘심을 먹기 위해 멈춘다. 뒷굽이 건물을 철거한 후 점심을 먹기 위해 멈춘다.
579000 노인애 앉는다. 노인이 앉는다.
580000 그  야구선수는 배팅 케이지에서  연습는고 있다. 그 어린 야구선수는 배팅 케이지에서 연습하고 있다.
581000 그 소년은 수영장에 있는 다른 모든 사람들울 튀겼다? 그 소년은 수영장에 있는 다른 모든 사람들을 튀겼다.
582000 자남자가 의을에  어 찝에을 집힉을 취하고 있다. 남자가 의자에 앉아 집에서 휴식을 취하고 있다.
583000 한 소년이 숍를 지나 여행하고 있다. 한 소년이 가게를 지나 여행하고 있다.
584000 사람들은 농담에 웃고 있다. 사람들은 농담에 웃고 있다.
585000 셔츠를 입은 네 사람이 단어의 철자를 쓰고 있다. 셔츠를 입은 네 사람이 단어의 철자를 쓰고 있다.
586000 드 젊은이는 오렌지색 옷색무 벗은 겨츠를 입고 자른 늬한 명은 격자무우늬 파란샐  셔 츠를 앱고,  거대한 가라베 더미 고끈처에 서 있고, 바깥 굴에서 데쁘리를 베고 있닼. 두 젊은이는 오렌지색 옷을 벗은 셔츠를 입고 다른 한 명은 격자무늬 파란색 셔츠를 입고, 거대한 가라베 더미 근처에 서 있고, 바깥 굴에서 데브리를 하고 있다.
587000 현재 두 사람이 데 트룰 하고 있다. 현재 두 사람이 데이트를 하고 있다.
588000 회색 촛을 앱은 남자 자가거를 타고 있다. 회색 옷을 입은 남자가 자전거를 타고 있다.
589000 함 는가 걸길을 걸어가는 동안 헤드폰틀 쑤고다있더 한 여성이 길을 걸어가는 동안 헤드폰을 쓰고 있다.
590000 한 남자가 보트위에 서 있다. 한 남자가 보트 위에 서 있다.
591000 마이크에 대고 노래하는 크두 사람. 마이크에 대고 노래하는 두 사람.
592000 지키니를 입은 넒여 여자가 모자를 쓴 난있를 발로 차고 있다. 비키니를 입은 젊은 여자가 모자를 쓴 남자를 발로 차고 있다.
593000 서 남자가 룬중 앞에서 농구공을 덩크슛한가. 한 남자가 군중 앞에서 농구공을 덩크슛한다.
594000 그  남자는 있지역 나이들릐 스퍼히어로 행세를 하고 있다. 그 남자는 지역 아이들의 슈퍼히어로 행세를 하고 있다.
595000 군중은 놓군라가 걍주파는  것을 군본다? 군중은 누군가가 경주하는 것을 지켜본다.
596000 풀을 가로질러 달리는 개이러 풀을 가로질러 달리는 개.
597000 여자가 뮤직을 반다고 있닼 여자가 음악을 만들고 있다
598000 두 사람  싯가 샵 밖에 앉아 있따. 두 사람이 시가 가게 밖에 앉아 있다.
599000 그다소녀는 예술의 많읒부분을 그릴  것이다. 그 소녀는 예술의 많은 부분을 그릴 것이다.
