using cached model. /home/elice/KoBART-translation-3110b705cc81239e69c67698b1f4b1759c2f4b2c/.cache/kobart_base_tokenizer_cased_cf74400bce.zip
                        input  ...                      infer
0                   높은 달 높떴다?  ...                  높은 달이 떴다.
1                어리니가 마니 사랃따.  ...               어린이가 많이 살았다.
2  나는 "이젠 살았구나"하고 굴 밖으로젠 나와따.  ...  나는 "이젠 살았구나"하고 굴 밖으로 나왔다.
3                   영호가 더워한다.  ...                  영호가 더워한다.
4          너는 앞으로 불쌍한 이를 돕겠다.  ...         나는 앞으로 불쌍한 이를 돕겠다.

[5 rows x 3 columns]
{'rouge-1': {'f': 0.9358247973840935,
             'p': 0.9383170143090173,
             'r': 0.9355459058174173},
 'rouge-2': {'f': 0.8830404995053738,
             'p': 0.8855787266615025,
             'r': 0.8828018214806317},
 'rouge-3': {'f': 0.8343576572134311,
             'p': 0.8363507489364187,
             'r': 0.8345083056948794},
 'rouge-l': {'f': 0.9316930144257904,
             'p': 0.9341895496157216,
             'r': 0.9313849443265891},
 'rouge-w': {'f': 0.9316930144257904,
             'p': 0.9341895496157216,
             'r': 0.9313849443265891}}
