nohup: ignoring input
using cached model. /home/elice/KoBART-translation-3110b705cc81239e69c67698b1f4b1759c2f4b2c/.cache/kobart_base_tokenizer_cased_cf74400bce.zip
                        input  ...                      infer
0                   높은 달 높떴다?  ...                  높은 달이 떴다.
1                어리니가 마니 사랃따.  ...               어린이가 많이 살았다.
2  나는 "이젠 살았구나"하고 굴 밖으로젠 나와따.  ...  나는 "이젠 살았구나"하고 굴 밖으로 나왔다.
3                   영호가 더워한다.  ...                  영호가 더워한다.
4          너는 앞으로 불쌍한 이를 돕겠다.  ...         나는 앞으로 불쌍한 이를 돕겠다.

[5 rows x 3 columns]
{'rouge-1': {'f': 0.9067424145534311,
             'p': 0.9105455135604154,
             'r': 0.9063215352227191},
 'rouge-2': {'f': 0.8355544295735161,
             'p': 0.839247327188534,
             'r': 0.8352784329761148},
 'rouge-3': {'f': 0.7707942162112359,
             'p': 0.774036488134748,
             'r': 0.7707410816286916},
 'rouge-l': {'f': 0.9022138324333101,
             'p': 0.9059701082191802,
             'r': 0.9018044894667393},
 'rouge-w': {'f': 0.9022138324333101,
             'p': 0.9059701082191802,
             'r': 0.9018044894667393}}
